<?xml version="1.0" encoding="utf-8"?>
<TestRun id="e6a53725-6aea-4e8f-a934-0f290b1723f2" name="sverr@LAPTOP-5JESU35H 2021-05-28 11:42:30" runUser="LAPTOP-5JESU35H\sverr" xmlns="http://microsoft.com/schemas/VisualStudio/TeamTest/2010">
  <Times creation="2021-05-28T11:42:30.0352156+02:00" queuing="2021-05-28T11:42:30.0352171+02:00" start="2021-05-28T11:42:27.3694260+02:00" finish="2021-05-28T11:42:30.0525412+02:00" />
  <TestSettings name="default" id="74641c61-9a65-44ac-a30c-70842a9cb05d">
    <Deployment runDeploymentRoot="sverr_LAPTOP-5JESU35H_2021-05-28_11_42_30" />
  </TestSettings>
  <Results>
    <UnitTestResult executionId="c0c58971-fc9f-4098-beb7-e32afe8d68c7" testId="b168566a-4709-641b-3641-6f250d4fed08" testName="UpdatePackage_Ok" computerName="LAPTOP-5JESU35H" duration="00:00:00.0085030" startTime="2021-05-28T11:42:29.0000000+02:00" endTime="2021-05-28T11:42:29.0000000+02:00" testType="13cdc9d9-ddb5-4fa4-a97d-d965ccfc6d4b" outcome="Passed" testListId="8c84fa94-04c1-424b-9868-57a2d4851a1d" relativeResultsDirectory="c0c58971-fc9f-4098-beb7-e32afe8d68c7" />
    <UnitTestResult executionId="6d9a7793-2592-4594-a041-77a28357eeba" testId="df2ca0d0-ddd3-d36b-4b73-49bf39986c1f" testName="GetAllPackages_Ok" computerName="LAPTOP-5JESU35H" duration="00:00:00.0049890" startTime="2021-05-28T11:42:29.0000000+02:00" endTime="2021-05-28T11:42:29.0000000+02:00" testType="13cdc9d9-ddb5-4fa4-a97d-d965ccfc6d4b" outcome="Passed" testListId="8c84fa94-04c1-424b-9868-57a2d4851a1d" relativeResultsDirectory="6d9a7793-2592-4594-a041-77a28357eeba" />
    <UnitTestResult executionId="16db83bb-2c0c-4112-a881-85148fd388e9" testId="f3e68e83-6656-6c47-00c6-9c00708dde9b" testName="UpdatePackage_NotFound" computerName="LAPTOP-5JESU35H" duration="00:00:00.0064020" startTime="2021-05-28T11:42:29.0000000+02:00" endTime="2021-05-28T11:42:29.0000000+02:00" testType="13cdc9d9-ddb5-4fa4-a97d-d965ccfc6d4b" outcome="Passed" testListId="8c84fa94-04c1-424b-9868-57a2d4851a1d" relativeResultsDirectory="16db83bb-2c0c-4112-a881-85148fd388e9" />
    <UnitTestResult executionId="7e215a17-daba-4656-85ca-262a231be317" testId="30dbd982-392a-5966-0317-6a9b520b17e6" testName="GetPackageById_NotFound" computerName="LAPTOP-5JESU35H" duration="00:00:00.0075690" startTime="2021-05-28T11:42:29.0000000+02:00" endTime="2021-05-28T11:42:29.0000000+02:00" testType="13cdc9d9-ddb5-4fa4-a97d-d965ccfc6d4b" outcome="Passed" testListId="8c84fa94-04c1-424b-9868-57a2d4851a1d" relativeResultsDirectory="7e215a17-daba-4656-85ca-262a231be317" />
    <UnitTestResult executionId="23f136a6-50ae-494b-ad79-30b97bdc78a0" testId="19bcb14e-2e5d-5c42-6f8f-9fca140ea4de" testName="Health_Ok" computerName="LAPTOP-5JESU35H" duration="00:00:00.0009810" startTime="2021-05-28T11:42:29.0000000+02:00" endTime="2021-05-28T11:42:29.0000000+02:00" testType="13cdc9d9-ddb5-4fa4-a97d-d965ccfc6d4b" outcome="Passed" testListId="8c84fa94-04c1-424b-9868-57a2d4851a1d" relativeResultsDirectory="23f136a6-50ae-494b-ad79-30b97bdc78a0" />
    <UnitTestResult executionId="f7350406-4c24-4854-88a1-4f33b85c6d9c" testId="f54f9b5f-114c-eac1-8ff3-b0c81743f101" testName="GetPackageById_Ok" computerName="LAPTOP-5JESU35H" duration="00:00:00.0034080" startTime="2021-05-28T11:42:29.0000000+02:00" endTime="2021-05-28T11:42:29.0000000+02:00" testType="13cdc9d9-ddb5-4fa4-a97d-d965ccfc6d4b" outcome="Passed" testListId="8c84fa94-04c1-424b-9868-57a2d4851a1d" relativeResultsDirectory="f7350406-4c24-4854-88a1-4f33b85c6d9c" />
    <UnitTestResult executionId="7d7f58a5-91f6-4c65-bf81-8b4c4b563fdd" testId="818c0261-7f21-3756-e81e-9d842f268d3d" testName="AddPackage_Ok" computerName="LAPTOP-5JESU35H" duration="00:00:00.3209730" startTime="2021-05-28T11:42:29.0000000+02:00" endTime="2021-05-28T11:42:29.0000000+02:00" testType="13cdc9d9-ddb5-4fa4-a97d-d965ccfc6d4b" outcome="Passed" testListId="8c84fa94-04c1-424b-9868-57a2d4851a1d" relativeResultsDirectory="7d7f58a5-91f6-4c65-bf81-8b4c4b563fdd" />
  </Results>
  <TestDefinitions>
    <UnitTest name="UpdatePackage_NotFound" storage="c:\users\sverr\desktop\semester 6\ipost\git\pakketservice\pakketservice.test\bin\debug\netcoreapp3.1\pakketservice.test.dll" id="f3e68e83-6656-6c47-00c6-9c00708dde9b">
      <Execution id="16db83bb-2c0c-4112-a881-85148fd388e9" />
      <TestMethod codeBase="C:\Users\sverr\Desktop\Semester 6\IPost\Git\pakketservice\PakketService.Test\bin\Debug\netcoreapp3.1\PakketService.Test.dll" adapterTypeName="executor://nunit3testexecutor/" className="PakketService.Test.Tests" name="UpdatePackage_NotFound" />
    </UnitTest>
    <UnitTest name="GetPackageById_Ok" storage="c:\users\sverr\desktop\semester 6\ipost\git\pakketservice\pakketservice.test\bin\debug\netcoreapp3.1\pakketservice.test.dll" id="f54f9b5f-114c-eac1-8ff3-b0c81743f101">
      <Execution id="f7350406-4c24-4854-88a1-4f33b85c6d9c" />
      <TestMethod codeBase="C:\Users\sverr\Desktop\Semester 6\IPost\Git\pakketservice\PakketService.Test\bin\Debug\netcoreapp3.1\PakketService.Test.dll" adapterTypeName="executor://nunit3testexecutor/" className="PakketService.Test.Tests" name="GetPackageById_Ok" />
    </UnitTest>
    <UnitTest name="UpdatePackage_Ok" storage="c:\users\sverr\desktop\semester 6\ipost\git\pakketservice\pakketservice.test\bin\debug\netcoreapp3.1\pakketservice.test.dll" id="b168566a-4709-641b-3641-6f250d4fed08">
      <Execution id="c0c58971-fc9f-4098-beb7-e32afe8d68c7" />
      <TestMethod codeBase="C:\Users\sverr\Desktop\Semester 6\IPost\Git\pakketservice\PakketService.Test\bin\Debug\netcoreapp3.1\PakketService.Test.dll" adapterTypeName="executor://nunit3testexecutor/" className="PakketService.Test.Tests" name="UpdatePackage_Ok" />
    </UnitTest>
    <UnitTest name="GetAllPackages_Ok" storage="c:\users\sverr\desktop\semester 6\ipost\git\pakketservice\pakketservice.test\bin\debug\netcoreapp3.1\pakketservice.test.dll" id="df2ca0d0-ddd3-d36b-4b73-49bf39986c1f">
      <Execution id="6d9a7793-2592-4594-a041-77a28357eeba" />
      <TestMethod codeBase="C:\Users\sverr\Desktop\Semester 6\IPost\Git\pakketservice\PakketService.Test\bin\Debug\netcoreapp3.1\PakketService.Test.dll" adapterTypeName="executor://nunit3testexecutor/" className="PakketService.Test.Tests" name="GetAllPackages_Ok" />
    </UnitTest>
    <UnitTest name="Health_Ok" storage="c:\users\sverr\desktop\semester 6\ipost\git\pakketservice\pakketservice.test\bin\debug\netcoreapp3.1\pakketservice.test.dll" id="19bcb14e-2e5d-5c42-6f8f-9fca140ea4de">
      <Execution id="23f136a6-50ae-494b-ad79-30b97bdc78a0" />
      <TestMethod codeBase="C:\Users\sverr\Desktop\Semester 6\IPost\Git\pakketservice\PakketService.Test\bin\Debug\netcoreapp3.1\PakketService.Test.dll" adapterTypeName="executor://nunit3testexecutor/" className="PakketService.Test.Tests" name="Health_Ok" />
    </UnitTest>
    <UnitTest name="GetPackageById_NotFound" storage="c:\users\sverr\desktop\semester 6\ipost\git\pakketservice\pakketservice.test\bin\debug\netcoreapp3.1\pakketservice.test.dll" id="30dbd982-392a-5966-0317-6a9b520b17e6">
      <Execution id="7e215a17-daba-4656-85ca-262a231be317" />
      <TestMethod codeBase="C:\Users\sverr\Desktop\Semester 6\IPost\Git\pakketservice\PakketService.Test\bin\Debug\netcoreapp3.1\PakketService.Test.dll" adapterTypeName="executor://nunit3testexecutor/" className="PakketService.Test.Tests" name="GetPackageById_NotFound" />
    </UnitTest>
    <UnitTest name="AddPackage_Ok" storage="c:\users\sverr\desktop\semester 6\ipost\git\pakketservice\pakketservice.test\bin\debug\netcoreapp3.1\pakketservice.test.dll" id="818c0261-7f21-3756-e81e-9d842f268d3d">
      <Execution id="7d7f58a5-91f6-4c65-bf81-8b4c4b563fdd" />
      <TestMethod codeBase="C:\Users\sverr\Desktop\Semester 6\IPost\Git\pakketservice\PakketService.Test\bin\Debug\netcoreapp3.1\PakketService.Test.dll" adapterTypeName="executor://nunit3testexecutor/" className="PakketService.Test.Tests" name="AddPackage_Ok" />
    </UnitTest>
  </TestDefinitions>
  <TestEntries>
    <TestEntry testId="b168566a-4709-641b-3641-6f250d4fed08" executionId="c0c58971-fc9f-4098-beb7-e32afe8d68c7" testListId="8c84fa94-04c1-424b-9868-57a2d4851a1d" />
    <TestEntry testId="df2ca0d0-ddd3-d36b-4b73-49bf39986c1f" executionId="6d9a7793-2592-4594-a041-77a28357eeba" testListId="8c84fa94-04c1-424b-9868-57a2d4851a1d" />
    <TestEntry testId="f3e68e83-6656-6c47-00c6-9c00708dde9b" executionId="16db83bb-2c0c-4112-a881-85148fd388e9" testListId="8c84fa94-04c1-424b-9868-57a2d4851a1d" />
    <TestEntry testId="30dbd982-392a-5966-0317-6a9b520b17e6" executionId="7e215a17-daba-4656-85ca-262a231be317" testListId="8c84fa94-04c1-424b-9868-57a2d4851a1d" />
    <TestEntry testId="19bcb14e-2e5d-5c42-6f8f-9fca140ea4de" executionId="23f136a6-50ae-494b-ad79-30b97bdc78a0" testListId="8c84fa94-04c1-424b-9868-57a2d4851a1d" />
    <TestEntry testId="f54f9b5f-114c-eac1-8ff3-b0c81743f101" executionId="f7350406-4c24-4854-88a1-4f33b85c6d9c" testListId="8c84fa94-04c1-424b-9868-57a2d4851a1d" />
    <TestEntry testId="818c0261-7f21-3756-e81e-9d842f268d3d" executionId="7d7f58a5-91f6-4c65-bf81-8b4c4b563fdd" testListId="8c84fa94-04c1-424b-9868-57a2d4851a1d" />
  </TestEntries>
  <TestLists>
    <TestList name="Results Not in a List" id="8c84fa94-04c1-424b-9868-57a2d4851a1d" />
    <TestList name="All Loaded Results" id="19431567-8539-422a-85d7-44ee4e166bda" />
  </TestLists>
  <ResultSummary outcome="Completed">
    <Counters total="7" executed="7" passed="7" failed="0" error="0" timeout="0" aborted="0" inconclusive="0" passedButRunAborted="0" notRunnable="0" notExecuted="0" disconnected="0" warning="0" completed="0" inProgress="0" pending="0" />
    <Output>
      <StdOut>NUnit Adapter 3.16.1.0: Test execution started&#xD;
Running all tests in C:\Users\sverr\Desktop\Semester 6\IPost\Git\pakketservice\PakketService.Test\bin\Debug\netcoreapp3.1\PakketService.Test.dll&#xD;
   NUnit3TestExecutor converted 7 of 7 NUnit test cases&#xD;
NUnit Adapter 3.16.1.0: Test execution complete&#xD;
</StdOut>
    </Output>
  </ResultSummary>
</TestRun>